TN:
SF:/Users/jed.rodriguez/Desktop/practice/NasAcademy/parking-lot-api-node/repositories/types.ts
FNF:0
FNH:0
DA:4,1
LF:1
LH:1
BRF:0
BRH:0
end_of_record
TN:
SF:/Users/jed.rodriguez/Desktop/practice/NasAcademy/parking-lot-api-node/services/dto/Car.ts
FN:4,(anonymous_0)
FNF:1
FNH:1
FNDA:3,(anonymous_0)
DA:1,1
DA:3,1
DA:5,3
LF:3
LH:3
BRF:0
BRH:0
end_of_record
TN:
SF:/Users/jed.rodriguez/Desktop/practice/NasAcademy/parking-lot-api-node/services/dto/ParkingSlot.ts
FN:2,(anonymous_0)
FNF:1
FNH:1
FNDA:3,(anonymous_0)
DA:1,1
DA:2,3
LF:2
LH:2
BRF:0
BRH:0
end_of_record
TN:
SF:/Users/jed.rodriguez/Desktop/practice/NasAcademy/parking-lot-api-node/services/dto/ParkingSlotInfo.ts
FNF:0
FNH:0
DA:1,1
LF:1
LH:1
BRF:0
BRH:0
end_of_record
TN:
SF:/Users/jed.rodriguez/Desktop/practice/NasAcademy/parking-lot-api-node/services/dto/Vehicle.ts
FN:2,(anonymous_0)
FNF:1
FNH:1
FNDA:3,(anonymous_0)
DA:1,1
DA:2,3
LF:2
LH:2
BRF:0
BRH:0
end_of_record
TN:
SF:/Users/jed.rodriguez/Desktop/practice/NasAcademy/parking-lot-api-node/services/exception/BusinessRuleException.ts
FN:2,(anonymous_0)
FNF:1
FNH:1
FNDA:3,(anonymous_0)
DA:1,1
DA:3,3
LF:2
LH:2
BRF:0
BRH:0
end_of_record
TN:
SF:/Users/jed.rodriguez/Desktop/practice/NasAcademy/parking-lot-api-node/services/impl/ParkingLotService.ts
FN:18,(anonymous_2)
FN:42,(anonymous_3)
FN:52,(anonymous_4)
FNF:3
FNH:2
FNDA:3,(anonymous_2)
FNDA:2,(anonymous_3)
FNDA:0,(anonymous_4)
DA:1,1
DA:5,1
DA:7,1
DA:8,1
DA:10,1
DA:11,1
DA:14,1
DA:16,1
DA:19,3
DA:20,3
DA:25,1
DA:29,2
DA:32,1
DA:37,1
DA:38,1
DA:43,2
DA:46,1
DA:49,1
DA:53,0
DA:58,0
DA:62,0
LF:21
LH:18
BRDA:43,0,0,2
BRDA:43,0,1,0
BRF:2
BRH:1
end_of_record
